[debug] [2019-10-11T20:27:01.653Z] ----------------------------------------------------------------------
[debug] [2019-10-11T20:27:01.655Z] Command:       /usr/local/Cellar/node/12.10.0/bin/node /usr/local/bin/firebase init
[debug] [2019-10-11T20:27:01.655Z] CLI Version:   7.5.0
[debug] [2019-10-11T20:27:01.655Z] Platform:      darwin
[debug] [2019-10-11T20:27:01.655Z] Node Version:  v12.10.0
[debug] [2019-10-11T20:27:01.656Z] Time:          Fri Oct 11 2019 13:27:01 GMT-0700 (Pacific Daylight Time)
[debug] [2019-10-11T20:27:01.656Z] ----------------------------------------------------------------------
[debug] 
[debug] [2019-10-11T20:27:01.666Z] > command requires scopes: ["email","openid","https://www.googleapis.com/auth/cloudplatformprojects.readonly","https://www.googleapis.com/auth/firebase","https://www.googleapis.com/auth/cloud-platform"]
[debug] [2019-10-11T20:27:01.666Z] > authorizing via signed-in user
[info] 
     ######## #### ########  ######## ########     ###     ######  ########
     ##        ##  ##     ## ##       ##     ##  ##   ##  ##       ##
     ######    ##  ########  ######   ########  #########  ######  ######
     ##        ##  ##    ##  ##       ##     ## ##     ##       ## ##
     ##       #### ##     ## ######## ########  ##     ##  ######  ########

You're about to initialize a Firebase project in this directory:

  /Users/ForeignFood/Development/gym-app

[info] 
=== Project Setup
[info] 
[info] First, let's associate this project directory with a Firebase project.
[info] You can create multiple project aliases by running firebase use --add, 
[info] but for now we'll just set up a default project.
[info] 
[debug] [2019-10-11T20:28:05.752Z] > refreshing access token with scopes: ["email","https://www.googleapis.com/auth/cloud-platform","https://www.googleapis.com/auth/cloudplatformprojects.readonly","https://www.googleapis.com/auth/firebase","openid"]
[debug] [2019-10-11T20:28:05.752Z] >>> HTTP REQUEST POST https://www.googleapis.com/oauth2/v3/token  
 <request body omitted>
[debug] [2019-10-11T20:28:05.938Z] <<< HTTP RESPONSE 400
[debug] [2019-10-11T20:28:05.940Z] >>> HTTP REQUEST GET https://firebase.googleapis.com/v1beta1/projects?pageSize=100  
 
[debug] [2019-10-11T20:28:06.127Z] <<< HTTP RESPONSE 401
[debug] [2019-10-11T20:28:06.127Z] <<< HTTP RESPONSE BODY
[debug] [2019-10-11T20:28:06.128Z] HTTP Error: 401, Request had invalid authentication credentials. Expected OAuth 2 access token, login cookie or other valid authentication credential. See https://developers.google.com/identity/sign-in/web/devconsole-project.
[debug] [2019-10-11T20:28:06.218Z] FirebaseError: HTTP Error: 401, Request had invalid authentication credentials. Expected OAuth 2 access token, login cookie or other valid authentication credential. See https://developers.google.com/identity/sign-in/web/devconsole-project.
    at module.exports (/usr/local/lib/node_modules/firebase-tools/lib/responseToError.js:38:12)
    at Request._callback (/usr/local/lib/node_modules/firebase-tools/lib/api.js:39:35)
    at Request.self.callback (/usr/local/lib/node_modules/firebase-tools/node_modules/request/request.js:185:22)
    at Request.emit (events.js:209:13)
    at Request.EventEmitter.emit (domain.js:476:20)
    at Request.<anonymous> (/usr/local/lib/node_modules/firebase-tools/node_modules/request/request.js:1161:10)
    at Request.emit (events.js:209:13)
    at Request.EventEmitter.emit (domain.js:476:20)
    at IncomingMessage.<anonymous> (/usr/local/lib/node_modules/firebase-tools/node_modules/request/request.js:1083:12)
    at Object.onceWrapper (events.js:298:28)
[error] 
[error] Error: Failed to list Firebase projects. See firebase-debug.log for more info.
[debug] [2019-10-11T20:28:15.178Z] ----------------------------------------------------------------------
[debug] [2019-10-11T20:28:15.180Z] Command:       /usr/local/Cellar/node/12.10.0/bin/node /usr/local/bin/firebase init
[debug] [2019-10-11T20:28:15.180Z] CLI Version:   7.5.0
[debug] [2019-10-11T20:28:15.180Z] Platform:      darwin
[debug] [2019-10-11T20:28:15.180Z] Node Version:  v12.10.0
[debug] [2019-10-11T20:28:15.181Z] Time:          Fri Oct 11 2019 13:28:15 GMT-0700 (Pacific Daylight Time)
[debug] [2019-10-11T20:28:15.181Z] ----------------------------------------------------------------------
[debug] 
[debug] [2019-10-11T20:28:15.188Z] > command requires scopes: ["email","openid","https://www.googleapis.com/auth/cloudplatformprojects.readonly","https://www.googleapis.com/auth/firebase","https://www.googleapis.com/auth/cloud-platform"]
[debug] [2019-10-11T20:28:15.189Z] > authorizing via signed-in user
[info] 
     ######## #### ########  ######## ########     ###     ######  ########
     ##        ##  ##     ## ##       ##     ##  ##   ##  ##       ##
     ######    ##  ########  ######   ########  #########  ######  ######
     ##        ##  ##    ##  ##       ##     ## ##     ##       ## ##
     ##       #### ##     ## ######## ########  ##     ##  ######  ########

You're about to initialize a Firebase project in this directory:

  /Users/ForeignFood/Development/gym-app

[info] 
=== Project Setup
[info] 
[info] First, let's associate this project directory with a Firebase project.
[info] You can create multiple project aliases by running firebase use --add, 
[info] but for now we'll just set up a default project.
[info] 
[debug] [2019-10-11T20:29:24.046Z] > refreshing access token with scopes: ["email","https://www.googleapis.com/auth/cloud-platform","https://www.googleapis.com/auth/cloudplatformprojects.readonly","https://www.googleapis.com/auth/firebase","openid"]
[debug] [2019-10-11T20:29:24.047Z] >>> HTTP REQUEST POST https://www.googleapis.com/oauth2/v3/token  
 <request body omitted>
[debug] [2019-10-11T20:29:24.230Z] <<< HTTP RESPONSE 400
[debug] [2019-10-11T20:29:24.232Z] >>> HTTP REQUEST GET https://firebase.googleapis.com/v1beta1/projects?pageSize=100  
 
[debug] [2019-10-11T20:29:24.374Z] <<< HTTP RESPONSE 401
[debug] [2019-10-11T20:29:24.375Z] <<< HTTP RESPONSE BODY
[debug] [2019-10-11T20:29:24.376Z] HTTP Error: 401, Request had invalid authentication credentials. Expected OAuth 2 access token, login cookie or other valid authentication credential. See https://developers.google.com/identity/sign-in/web/devconsole-project.
[debug] [2019-10-11T20:29:24.486Z] FirebaseError: HTTP Error: 401, Request had invalid authentication credentials. Expected OAuth 2 access token, login cookie or other valid authentication credential. See https://developers.google.com/identity/sign-in/web/devconsole-project.
    at module.exports (/usr/local/lib/node_modules/firebase-tools/lib/responseToError.js:38:12)
    at Request._callback (/usr/local/lib/node_modules/firebase-tools/lib/api.js:39:35)
    at Request.self.callback (/usr/local/lib/node_modules/firebase-tools/node_modules/request/request.js:185:22)
    at Request.emit (events.js:209:13)
    at Request.EventEmitter.emit (domain.js:476:20)
    at Request.<anonymous> (/usr/local/lib/node_modules/firebase-tools/node_modules/request/request.js:1161:10)
    at Request.emit (events.js:209:13)
    at Request.EventEmitter.emit (domain.js:476:20)
    at IncomingMessage.<anonymous> (/usr/local/lib/node_modules/firebase-tools/node_modules/request/request.js:1083:12)
    at Object.onceWrapper (events.js:298:28)
[error] 
[error] Error: Failed to list Firebase projects. See firebase-debug.log for more info.
